"report-file-0"
"Iteration" "drag_coef etc.."
("Iteration" "drag_coef" "lift_coef")
1 0.7477194916185039 0.2094282637013774
2 0.4122025159460995 0.7737972449048539
3 0.2561421332544754 1.1756607242051
4 0.1825264813211716 1.428951857910069
5 0.1386178884543816 1.541588320869536
6 0.1136957193667232 1.572927823435351
7 0.1095579664208635 1.573927351345703
8 0.1418568043967015 1.568323245550068
9 0.2019006055810706 1.46557942353154
10 0.221739934023155 1.171725312601935
11 0.1896469284179708 0.884597760998503
12 0.1450675705359797 0.7624091121498632
13 0.1410407267114284 0.8494750872022115
14 0.1572577693040162 0.9688115297353076
15 0.2136683176916177 1.065828309263369
16 0.2934858519651168 1.035063901623559
17 0.329192884830446 0.7725920516913416
18 0.2803167524820278 0.4847700671747506
19 0.2070431554602994 0.3690468441457492
20 0.1493076024840032 0.4104195789014129
21 0.1273974286650189 0.6166917686812986
22 0.1296101841705099 0.9088160921045126
23 0.1537740502141254 1.192053968989044
24 0.1975701391990574 1.384767604525303
25 0.2856453249158163 1.437099441887499
26 0.3692686423028047 1.251244399176481
27 0.3531767553670237 0.8864173606755857
28 0.2714189297850679 0.5959728638716898
29 0.1810921865796429 0.4922960575499712
30 0.142088395033988 0.6226896013714878
31 0.1150595687165569 0.812931245434157
32 0.1187411209801723 1.041937191529955
33 0.136502195611839 1.232391209783305
34 0.1819465980552553 1.314438688126508
35 0.2384445854695435 1.206206996393556
36 0.2471167758504675 0.9364927822327108
37 0.2104402926139926 0.7013101871912938
38 0.1563903335003706 0.5816241521830858
39 0.1399007844766103 0.6638475523733368
40 0.1337606346249149 0.7809739875937014
41 0.1591268360831326 0.9124335603567938
42 0.2088055528795263 0.9746460504199784
43 0.2512407004170861 0.8486001565251948
44 0.2236877316171824 0.5974213709026708
45 0.1714874265455918 0.4756171175452741
46 0.1303085356072956 0.5322751850772786
47 0.121841294167631 0.7190472413684807
48 0.1324511465520902 0.9508704039497626
49 0.168234301972706 1.140019593144251
50 0.2184564043405557 1.157778799491986
51 0.2264272452554589 0.9466263315496274
52 0.193590782986808 0.7594529776512398
53 0.1428366870846241 0.6841161623105171
54 0.1262241482634053 0.7730365065530499
55 0.1168822134341694 0.9161932653746198
56 0.1226556467972465 1.053095058287164
57 0.1289182272699814 1.103951479025386
58 0.1245325571477034 1.02238770554262
59 0.108582699782589 0.9322931328100184
60 0.09507954662937078 0.9331684252137787
61 0.0886777631771591 1.004435184517236
62 0.08560334506237995 1.114712872611052
63 0.08491489901097149 1.228736280882272
64 0.07949735178169845 1.302244737501792
65 0.07287219898881564 1.350141718546549
66 0.06803403455479637 1.400548277815583
67 0.06463585229299636 1.458048137161223
68 0.06298550224465355 1.520188683826999
69 0.06130558382961228 1.577486236852335
70 0.05931267327704046 1.623938861527342
71 0.05708916575849515 1.65991451010536
72 0.05494286921239582 1.686465164326689
73 0.05312851417306042 1.705140828646814
74 0.05151739159941093 1.717260221532746
75 0.0501050776103651 1.723325853214899
76 0.04900677034854786 1.723709737148748
77 0.04818973544947413 1.71909321618358
78 0.04765802466021712 1.708806039219568
79 0.04733543988824054 1.693144036708522
80 0.04724540876903779 1.673275310873741
81 0.04746627470378863 1.649437896213532
82 0.04775872784102377 1.623232431232272
83 0.04812000000381772 1.596745086980339
84 0.04872609266271206 1.570167820291932
85 0.04930594712761593 1.543400238099473
86 0.04981327658003431 1.516350530449273
87 0.05020554539488828 1.489284562989011
88 0.05050323668993149 1.462938412329502
89 0.05080387393190808 1.437743747498026
90 0.05112763517690293 1.414243098373516
91 0.05160676590205706 1.392946740670565
92 0.05226755057024575 1.374680413961451
93 0.05312772763747837 1.359330263243886
94 0.05410872872659252 1.346463322207136
95 0.05507082637090015 1.336044757534217
96 0.05610200131963387 1.32764627769132
97 0.0571207847190027 1.320839155419579
98 0.05805845248860409 1.315586098740633
99 0.0589287964645456 1.312037448296825
100 0.05973105838497877 1.310667321691879
101 0.06049144614397409 1.311624223001882
102 0.06118170540690355 1.314735561067951
103 0.06180304802632031 1.319810557397249
104 0.06235630119825924 1.326692466776619
105 0.06284710170905367 1.33536027611811
106 0.06325589136028509 1.345996461539445
107 0.06368489385269474 1.358213334766132
108 0.06406901099369838 1.371503274090873
109 0.06433839383022523 1.385727403265057
110 0.06452868900430749 1.400645404257805
111 0.06459874194478236 1.416253227227321
112 0.06455456382850992 1.432462081747767
113 0.06436616255790648 1.448958530206141
114 0.06405247630064936 1.46542892165572
115 0.06360782155164689 1.481576570081183
116 0.06304693964949715 1.497084608613356
117 0.06242292693174681 1.511653983783973
118 0.0617488384814061 1.525011348610731
119 0.06105128372289682 1.537019795961933
120 0.06036264066932082 1.547464094573473
121 0.05970661424681897 1.55617925358541
122 0.0591243839302615 1.562887325803645
123 0.05855492838760965 1.567666013688631
124 0.0580469008819214 1.570756472931686
125 0.05768003458253372 1.572273502371666
126 0.05734994916419495 1.57233920932075
127 0.05710856640415599 1.571017141925493
128 0.05695183691723107 1.5678689434355
129 0.05683938818388309 1.562859069746435
130 0.05682606972808069 1.555936516235991
131 0.05684026208975477 1.54751678111798
132 0.05692345925244874 1.538029515992607
133 0.05705206701454096 1.528336323918349
134 0.0572470168202012 1.518918174233293
135 0.05753000321247235 1.50963530062152
136 0.05778320769516875 1.500606702268811
137 0.05805277772394467 1.491738341621144
138 0.05829507129638926 1.483174039855133
139 0.05854086513494049 1.474972882154035
140 0.05877022762703971 1.467160444115167
141 0.05898207009669994 1.459690429924529
142 0.05917761934143851 1.45256580454515
143 0.05935118360984336 1.445871700666053
144 0.05951501698297668 1.439566606698305
145 0.05966651267271812 1.433728297703608
146 0.05979627055901891 1.428539512278711
147 0.05995307161603166 1.423910666788201
148 0.06011262489650569 1.419743421121466
149 0.06024807535367019 1.416128527547016
150 0.06038373274019498 1.413173279082432
151 0.06048135645310632 1.411094311783964
152 0.06064631084939047 1.410051970890161
153 0.06084161928416492 1.410085550106196
154 0.06103720715217237 1.411234243843085
155 0.06122204933701469 1.413632856562788
156 0.06142254854717641 1.417251841492571
157 0.06161002814788787 1.422002858720478
158 0.06180298946152621 1.427698470508813
159 0.06200353349115847 1.434057685496042
160 0.06215963663380692 1.440940180134528
161 0.0622899971381889 1.448113764477867
162 0.06236594193392456 1.455499245178148
163 0.06239692748591517 1.462971434563024
164 0.0623662866089215 1.470427684814069
165 0.06227732566050585 1.477778750198841
166 0.06213248831993136 1.484960163258695
167 0.06193197956191223 1.491913973757632
168 0.06169169660792351 1.498548603065748
169 0.06142093900683798 1.504822642220107
170 0.06112969439916743 1.510583002767796
171 0.06082643412065913 1.515767511159793
172 0.06054477086280239 1.520215061928846
173 0.06024337548645744 1.523909205551424
174 0.05995081904839994 1.526956425755063
175 0.05970975057783114 1.529330968109821
176 0.05951724435562657 1.530963789668056
177 0.05933218344372633 1.531853334954997
178 0.05916538917227589 1.53202771028995
179 0.05904056265658052 1.531430766411833
180 0.05895333328049463 1.529922933932601
181 0.0588991107888769 1.52750289392157
182 0.05887864816050626 1.524169343405973
183 0.05887672782970782 1.520122454596019
184 0.05889334111849 1.515694588592774
185 0.05895491064434569 1.511078198890067
186 0.05903007508157182 1.506465951139625
187 0.05913289522272158 1.501910476572115
188 0.05924638383977431 1.497489077285202
189 0.0593686347181061 1.493234747375041
190 0.05949694373596063 1.489143799803291
191 0.05962592236870433 1.485216841529487
192 0.05975837018368269 1.48145279230373
193 0.05988850221108023 1.477860776046783
194 0.06001850740746405 1.474445937607441
195 0.06014715554983678 1.471236109221343
196 0.06027231192879767 1.468255416154744
197 0.06039187029260939 1.465515840802887
198 0.06049483413975897 1.463105361274488
199 0.06061096994567149 1.461019851434407
200 0.06072749391147499 1.459212765392602
201 0.06082664725916748 1.457709987743933
202 0.06091928176690214 1.456553105092415
203 0.06099217844334378 1.455830709514662
204 0.06107918921666446 1.455574165567612
205 0.0611664689245423 1.455794364891124
206 0.06124448213858208 1.456493777261752
207 0.06130522522220529 1.457755940785116
208 0.06136683822422904 1.459560688025721
209 0.06141423699682565 1.461875629420417
210 0.06145715648684466 1.464601715042771
211 0.06149678807125121 1.46756665747635
212 0.06150797676429046 1.470699460253865
213 0.06150862983982169 1.47390323944977
214 0.06148652048626545 1.477159678830872
215 0.06145132081952696 1.480414151581022
216 0.06139773221739207 1.483640261755026
217 0.06132913032119251 1.486807730521178
218 0.0612472089789601 1.489884251333694
219 0.06115023311102374 1.492841628880666
220 0.06104505742715102 1.495650593893181
221 0.06092841267512493 1.498261625360791
222 0.0608072307340935 1.500641974484742
223 0.06068527006644343 1.502779693196295
224 0.06057407672325332 1.504594796341581
225 0.06045422482831068 1.506107085149917
226 0.06033831958682256 1.507362933602875
227 0.06023994007219049 1.508350979426599
228 0.06015941933836922 1.509032997917424
229 0.06008102663589539 1.509396893019728
230 0.06000822713823312 1.509456160648699
231 0.05995366155489421 1.509195127481961
232 0.05990781240208024 1.508623875684238
233 0.05988641554686624 1.507643203272001
234 0.05987108141306496 1.506214545512736
235 0.05985620032487197 1.504452993425322
236 0.05985694637198933 1.50248528458026
237 0.05987232525086691 1.500413338208441
238 0.05990039745992117 1.498291691377838
239 0.05993754748691534 1.496158458773554
240 0.05998212571144049 1.494042392197546
241 0.0600335180747624 1.491962291183454
242 0.06008926677518044 1.489931595466315
243 0.06014911113776578 1.487959607424998
244 0.06021187634759955 1.486052416584789
245 0.06027653337213722 1.484216137227149
246 0.06034224097897803 1.482464950019739
247 0.06040829876340992 1.480813422223153
248 0.06047428801331762 1.47927814430793
249 0.06053324115565697 1.4779146843999
250 0.06060047020594962 1.476710456465208
251 0.0606686510724424 1.475636123418568
252 0.06072742781808229 1.474701402116199
253 0.06078242945128841 1.473924516468231
254 0.06082346777418075 1.473367551661651
255 0.0608729711699417 1.473039288497778
256 0.06092202374205191 1.472937056310245
257 0.06096468091997888 1.473073581323078
258 0.06100363839688992 1.47343769321595
259 0.06102737201992832 1.474081482322888
260 0.06105355250587742 1.47499002068476
261 0.06107004867079115 1.476156658460156
262 0.06108460082572612 1.477512225378009
263 0.06109547569895689 1.478959060076815
264 0.06109230438788946 1.480458841939779
265 0.06108413367548523 1.481965544534606
266 0.06106522715188641 1.483476837051743
267 0.0610424271795549 1.484976544604392
268 0.06101206061692405 1.48645526147686
269 0.06097632988528195 1.487900274821526
270 0.06093587791671722 1.489306727602661
271 0.06089037678058369 1.49066660224365
272 0.06084163218481831 1.491964358039765
273 0.06078942563119302 1.493188410310209
274 0.06073650693044191 1.494324000391141
275 0.06068200518977519 1.495353831895942
276 0.06063237224303292 1.496238648681687
277 0.06057772125197832 1.496989662125474
278 0.06052344079589906 1.497620260257935
279 0.06047703745052217 1.498126162048471
280 0.06043943574603272 1.498491044659136
281 0.06040153827377858 1.498707363645849
282 0.06036529532899597 1.498781738319813
283 0.06033786760786608 1.498703826826956
284 0.06031409071750161 1.498476557379047
285 0.06030047727004608 1.498056078998839
286 0.06028718543350305 1.497449940476768
287 0.06028135252127091 1.496659858601738
288 0.06027785288904568 1.495732980957308
289 0.06027699053123053 1.494739591281274
290 0.06028660436606458 1.493709908762846
291 0.06029928865694065 1.492678538759273
292 0.0603184419913291 1.491646395933122
293 0.06033970653560705 1.490626193552875
294 0.06036465107129171 1.489625244375054
295 0.060392293680643 1.488646443598363
296 0.06042172336117892 1.487696149758724
297 0.06045309996432494 1.486778233976846
298 0.06048537086922607 1.485900928439376
299 0.0605186328859811 1.485070960481953
300 0.06055214719704308 1.484297491031497
301 0.0605859198874442 1.483590125804821
302 0.06061624174672273 1.482973489627085
303 0.06065025530106533 1.482441667116955
304 0.0606844515654165 1.481981125106896
305 0.06071396961702322 1.481598503780105
306 0.0607379909442145 1.481308595377824
307 0.06076324278070126 1.481116305532988
308 0.0607886931032788 1.481021577336188
309 0.06080992483808126 1.48103632632573
310 0.06082921891672332 1.481158050948057
311 0.0608418144375018 1.48141332039471
312 0.06085418485389059 1.481800665836051
313 0.06086194018788168 1.482321494362522
314 0.06086840839090876 1.482946626146621
315 0.06087306542068541 1.483629969394104
316 0.06087101298908508 1.484350317953855
317 0.06086639706016284 1.485084198430604
318 0.06085671091831733 1.485827236367044
319 0.06084483400524406 1.486570338584866
320 0.06082962146186351 1.487308631045098
321 0.06081187869015599 1.488034612996964
322 0.06079187976037195 1.488741730083555
323 0.060769585147071 1.489425421219445
324 0.06074597962544388 1.490079154413129
325 0.06072111632472104 1.490698365710024
326 0.06069546527548981 1.49127275991562
327 0.06066924692372969 1.4917952339767
328 0.0606454138631619 1.49224856609296
329 0.06061904658203333 1.492637404097933
330 0.06059254099446985 1.492968077271056
331 0.06056985928705065 1.493239496134643
332 0.06055162645011742 1.493442261841696
333 0.06053243150859942 1.493570768297407
334 0.06051340554565967 1.493627232351115
335 0.06049856476741521 1.493607481828098
336 0.06048554346551734 1.493514000716773
337 0.06047769686200496 1.493325803061247
338 0.06047014528819396 1.493045584907174
339 0.06046615350729474 1.492673152467308
340 0.06046307973677014 1.492229644726645
341 0.06046137428865631 1.491749042056256
342 0.0604646173996515 1.491247192454689
343 0.0604694744649935 1.490740787341066
344 0.06047771905354447 1.490231840762333
345 0.06048716558532442 1.489726481759534
346 0.06049859973753058 1.48922757724952
347 0.06051147490985337 1.48873859218056
348 0.06052552139802088 1.488262943756091
349 0.0605407729091753 1.487803029727008
350 0.06055666805776319 1.487362400292265
351 0.06057332528950034 1.486943990362989
352 0.06059021405943429 1.48655257085119
353 0.06060737714754324 1.486192279815261
354 0.06062271329174866 1.485875702355435
355 0.06064000296817421 1.485599691656401
356 0.06065742223635313 1.485357589983256
357 0.06067238120615254 1.485152271893635
358 0.06068634899755954 1.48498792033539
359 0.06069715615379976 1.484878447759641
360 0.06070976086756134 1.484824478869166
361 0.06072156122485748 1.484825070826838
362 0.06073120230765441 1.484880674193607
363 0.06073978032222893 1.484989035861074
364 0.06074422935037748 1.485163435042502
365 0.06074821076538817 1.485407655544213
366 0.06075242036596877 1.485704212961619
367 0.06075454572279709 1.486033748798894
368 0.0607542006593715 1.486381138614744
369 0.06075168009612372 1.48673727754675
370 0.06074741421259479 1.487097187988781
371 0.06074160053968833 1.487456790300992
372 0.0607343582800061 1.487812553533296
373 0.06072597475271389 1.488162526222515
374 0.06071635844777341 1.488503423254892
375 0.0607057632610989 1.4888328748699
376 0.06069446162174705 1.489149296603471
377 0.06068264744516989 1.489449733214548
378 0.06067038793755042 1.489730455883347
379 0.06065801152401127 1.489988465072095
380 0.06064673534969267 1.490212732710697
381 0.0606339896208351 1.490406435713952
382 0.06062128503466303 1.49057578451632
383 0.06061045664760158 1.490719301584223
384 0.06060039565996687 1.490834327272408
385 0.06059269636447621 1.490911197097983
386 0.06058384407617716 1.490949225211488
387 0.06057548741808941 1.490949500987248
388 0.06056874557714145 1.490911970053253
389 0.06056302057772932 1.490838998040507
390 0.06056013394662758 1.490720790218844
391 0.06055761004196734 1.490553796023657
392 0.06055495798474802 1.490350792386203
393 0.06055377901016765 1.490125567669899
394 0.0605542571361768 1.489888304415589
395 0.06055619679935131 1.489645333793169
396 0.06055932774802619 1.489400444060644
397 0.06056347973872815 1.48915639735176
398 0.06056853558022848 1.48891541308993
399 0.06057440435887537 1.488679354445397
400 0.06058099362887801 1.488449398332807
401 0.06058813507091758 1.488226400280979
402 0.06059571053277556 1.488011508459647
403 0.06060359877028838 1.487806463981941
404 0.06061172130549784 1.487613458860062
405 0.06061997735769015 1.487434797675698
406 0.06062747731802191 1.487277057525876
407 0.06063598600453838 1.487138458849256
408 0.0606445512424259 1.487015422930282
409 0.06065194156137555 1.486909277042391
410 0.06065883851265742 1.48682208068992
411 0.06066409319852395 1.48676113164675
412 0.06067033867627718 1.486727131266317
413 0.06067636011111341 1.486719151099753
414 0.06068125527574227 1.486737332483712
415 0.06068551845092686 1.486780096838271
416 0.06068791503333305 1.486854073852047
417 0.06069048413421595 1.486957790946296
418 0.06069189694183054 1.487090591777317
419 0.06069306803759778 1.487244646622763
420 0.06069377017862453 1.487408474842182
421 0.06069278516676476 1.48757727694491
422 0.06069123220680805 1.487745770403226
423 0.06068849303681676 1.487913738513088
424 0.06068530289200787 1.488079444436447
425 0.06068141383377952 1.488242326680878
426 0.06067705193882138 1.488401444757399
427 0.06067223872158568 1.488555960148596
428 0.06066697251398889 1.488704279352608
429 0.06066148961163273 1.488845808828828
430 0.06065578217713648 1.488980020553798
431 0.06065008222076257 1.489105235689261
432 0.0606443131308698 1.489220005751647
433 0.06063914709420549 1.489319935217572
434 0.06063339061667685 1.489406038214707
435 0.06062765372484133 1.489480338614545
436 0.06062273248750032 1.48954190394016
437 0.06061876272640881 1.489588014292542
438 0.06061450867155854 1.489617318881693
439 0.06061026089652718 1.489630263147027
440 0.06060690059016338 1.489625766218733
441 0.06060391227376367 1.489604327303738
442 0.0606020833040593 1.489561211256034
443 0.06060029511229576 1.489497065534097
444 0.06059930053250478 1.489411850981621
445 0.06059849483858375 1.489310480097014
446 0.0605979909017727 1.489200768958902
447 0.06059861341962978 1.489086207211193
448 0.06059961107388653 1.488970553823154
449 0.06060138692211919 1.488854310061617
450 0.06060344633933413 1.488738905867116
451 0.06060598747252284 1.488624982224912
452 0.06060886908299783 1.488513413679432
453 0.06061204970665866 1.488404920213517
454 0.06061553705786488 1.488299978428484
455 0.06061917452481683 1.48819944201791
456 0.06062300727668802 1.488104074947079
457 0.06062690292639942 1.488014968859832
458 0.06063086053291949 1.487933089400326
459 0.06063444106578846 1.48786144585323
460 0.0606384534378332 1.48779923413481
461 0.06064247280850468 1.487744842980663
462 0.06064592605416663 1.487698925626669
463 0.06064913844460378 1.487662377255291
464 0.06065161430042725 1.487638222023088
465 0.06065446743048782 1.487626734210505
466 0.06065716718535894 1.487627558038754
467 0.06065935077533061 1.487640672530511
468 0.06066092257989807 1.4876678128705
469 0.06066224320616924 1.487709054630775
470 0.06066311914646471 1.487764218966408
471 0.06066375137330057 1.48783067741092
472 0.06066424088935921 1.487903690804747
473 0.06066400924713324 1.487980930272364
474 0.06066347481677237 1.488059537597122
475 0.06066241865547172 1.488138806940998
476 0.06066110462163086 1.488217841356626
477 0.06065946457596435 1.48829606980777
478 0.06065755098013188 1.488372946475605
479 0.06065543130295009 1.488447978874502
480 0.06065308770010984 1.488520824507874
481 0.06065062040816612 1.488590890610566
482 0.06064801568968628 1.488657635883581
483 0.06064535144170665 1.488720334615783
484 0.06064263851977634 1.488778293658876
485 0.06064017793826963 1.488829371203342
486 0.06063739834984943 1.488874128871961
487 0.06063459820344892 1.488913714190305
488 0.06063218467646526 1.488947662670277
489 0.06062992845913803 1.488975327889131
490 0.06062820336460233 1.488994400038584
491 0.06062617588423481 1.489004694652083
492 0.06062423757665354 1.489006525479267
493 0.0606226709097047 1.488999872464716
494 0.06062132031253236 1.488985265309063
495 0.06062058927574759 1.488960544704262
496 0.06061980318185434 1.488926391943619
497 0.06061940686375552 1.488883056082622
498 0.06061909024056024 1.488833045371267
499 0.06061891074826931 1.488780108304699
500 0.0606192812496776 1.488725713051839
501 0.06061981910403633 1.488671506979598
502 0.06062073058103912 1.488617486140705
503 0.0606217616987089 1.488564188477127
504 0.0606230242816453 1.488511813968702
505 0.06062443950783933 1.488460667489745
506 0.06062598637031632 1.488410988872432
507 0.06062767020974395 1.488362972362036
508 0.06062941421475088 1.48831701970709
509 0.06063123859351207 1.488273492901911
510 0.06063307966708464 1.488232929664476
511 0.06063494113586248 1.488195799052235
512 0.06063662045501687 1.488163483405027
513 0.06063848511060881 1.488135623986226
514 0.06064034162690833 1.488111500855349
515 0.06064193015181894 1.488091414388625
516 0.06064320920579843 1.48807628105652
517 0.06064458692186982 1.4880665415981
518 0.06064596863121756 1.488062066846137
519 0.06064706882506762 1.488063219982481
520 0.06064805272649031 1.48806983766008
521 0.06064866636019599 1.488083427938004
522 0.06064926311923449 1.488103792794162
523 0.06064960415776454 1.488130967630717
524 0.0606498856696153 1.488163404509015
525 0.06065006963464351 1.488198615631876
526 0.06064989244622598 1.488235463297783
527 0.06064959121589734 1.488272723505437
528 0.06064903676702084 1.488310217967644
529 0.06064838536178947 1.488347478568769
530 0.06064757406535593 1.488384280673597
531 0.06064665122756251 1.488420354210455
532 0.06064563014655609 1.488455479477061
533 0.06064450819508937 1.488489494629521
534 0.06064333477433397 1.488522131394399
535 0.060642098651347 1.488553147811073
536 0.06064084181730329 1.488582187556106
537 0.06063956370217945 1.488608929795493
538 0.06063840757542418 1.488632381295443
539 0.06063710726229206 1.488652794803259
540 0.06063580227702361 1.488670694559442
541 0.06063468046140222 1.488685873226745
542 0.06063363610257554 1.488698043069186
543 0.0606328337795902 1.488706195230841
544 0.06063190404912092 1.488710241600967
545 0.0606310215063196 1.488710302146363
546 0.06063030770739787 1.488706375953714
547 0.06062969694968313 1.488698708838308
548 0.06062938409105127 1.488686274196554
549 0.06062910837722532 1.488668713399154
550 0.06062881617489903 1.488647365600394
551 0.06062867661855282 1.488623666454133
552 0.06062871045371859 1.488598689641671
553 0.06062889912548895 1.488573104465943
554 0.06062921460853402 1.488547305067044
555 0.06062963977665117 1.48852157424426
556 0.06063016305552906 1.488496143837293
557 0.06063077500949112 1.488471211491563
558 0.06063146642984368 1.488446905482378
559 0.06063221957940046 1.48842333165838
560 0.060633022380703 1.48840062293735
561 0.06063386072213096 1.488378965662311
562 0.06063472341349906 1.488358576576184
563 0.06063559931954293 1.488339686222279
564 0.06063639394341093 1.488322994816462
565 0.06063729511072106 1.488308319154783
566 0.06063820192428898 1.488295286759101
567 0.06063898503414169 1.488284040406816
568 0.06063971605175406 1.488274795264646
569 0.06064027186972119 1.48826832114455
570 0.06064093122279637 1.488264684011702
571 0.06064156485366188 1.488263779473314
572 0.06064207744207635 1.488265619973428
573 0.06064252196294023 1.488270036689965
574 0.06064277000416093 1.488277725868894
575 0.0606430326971444 1.488288482229648
576 0.06064317024761001 1.488302243366088
577 0.06064328407351514 1.488318208810755
578 0.06064335254070532 1.4883351754436
579 0.06064324552043169 1.488352655443474
580 0.06064308362157035 1.488370113598613
581 0.06064280117776365 1.48838754068117
582 0.06064247881344044 1.488404757061804
583 0.06064208078374971 1.488421695972536
584 0.06064163272629196 1.488438259169384
585 0.06064114115348727 1.488454372005626
586 0.06064060497301627 1.488469973991256
587 0.06064004853471962 1.488484937728486
588 0.06063946489510585 1.488499145788475
589 0.06063887446262438 1.488512422269979
590 0.06063827578738638 1.488524612429019
591 0.06063773497526804 1.48853525882561
592 0.0606371311740435 1.48854447606091
593 0.06063652802589201 1.488552499804366
594 0.06063601102362298 1.488559230413696
595 0.06063553181085727 1.488564534578084
596 0.06063516244429955 1.488567975143033
597 0.0606347411337328 1.488569513163077
598 0.06063434511670204 1.488569196404012
599 0.06063402606536648 1.488567029585809
600 0.06063380179957929 1.488562735653087
601 0.06063361152349719 1.488556315537138
602 0.06063348895050107 1.48854780772766
603 0.06063340317999719 1.488537622416441
604 0.06063333872579454 1.488526484400727
605 0.06063338439816236 1.488514734360387
606 0.06063347427454913 1.488502796627883
607 0.06063364249928944 1.488490767545386
608 0.06063384785238498 1.488478780584866
609 0.06063410161744889 1.488466921005517
610 0.06063439531026917 1.488455272328487
611 0.06063471909832301 1.48844390856655
612 0.06063507598417897 1.488432882179517
613 0.06063545049339469 1.488422284995231
614 0.06063584521522542 1.488412199250299
615 0.0606362481823876 1.488402738171548
616 0.06063665817851696 1.488394009815732
617 0.06063702991716108 1.48838633696307
618 0.06063744929565416 1.488379635905471
619 0.06063787133490682 1.488373733674028
620 0.06063823454128315 1.48836869746984
621 0.06063857315396976 1.488364621023046
622 0.0606388319318837 1.488361841208921
623 0.06063913437012185 1.488360386970102
624 0.06063942272332803 1.488360215500853
625 0.06063965573789771 1.488361328559672
626 0.06063985613851405 1.48836364645734
627 0.060639962217082 1.488367497913485
628 0.06064005536319422 1.488373002954465
629 0.06064015233309152 1.488379747543618
630 0.06064020187633079 1.488387275739083
631 0.0606401963038061 1.488395241528387
632 0.06064014154513289 1.48840342208209
633 0.06064004597132962 1.488411685480833
634 0.06063991498163488 1.488419938276637
635 0.0606397524053685 1.488428105538622
636 0.06063956118997064 1.48843612515749
637 0.06063934440946654 1.48844395635991
638 0.06063910730116839 1.48845156527158
639 0.06063885362480855 1.488458909082077
640 0.06063858764261287 1.48846592776616
641 0.06063831281866569 1.48847255039114
642 0.06063803268312683 1.488478701071682
643 0.06063775106364772 1.488484306102934
644 0.06063749620354997 1.488489164216074
645 0.06063721373893688 1.488493330676183
646 0.06063693304713161 1.488496913376802
647 0.06063669217215843 1.48849986992138
648 0.06063649777092929 1.488502069598479
649 0.06063628994322509 1.488503450402222
650 0.06063608303020243 1.488504030882992
651 0.06063591834457371 1.488503758326733
652 0.06063577188217998 1.488502657170803
653 0.06063568255273648 1.488500496988635
654 0.060635594660217 1.488497313241654
655 0.06063554569618573 1.488493106482315
656 0.06063550619550168 1.488488114986658
657 0.06063548127378095 1.488482718528923
658 0.06063551177249318 1.488477084607479
659 0.0606355606928374 1.488471396601249
660 0.06063564802427117 1.488465677439587
661 0.06063574947450055 1.488459996677822
662 0.06063587501403461 1.488454387524739
663 0.06063601733445316 1.488448891023563
664 0.06063617420739589 1.488443540999268
665 0.06063634618725194 1.488438362527495
666 0.06063652559431543 1.488433398185382
667 0.06063671434660733 1.488428686160022
668 0.06063690604727592 1.488424281886421
669 0.06063710083818048 1.488420234454893
670 0.06063727700424309 1.488416693028115
671 0.06063747467244935 1.488413618559249
672 0.06063767282468458 1.488410931754918
673 0.06063784306653533 1.488408664020147
674 0.06063800130434965 1.488406858523762
675 0.06063812301275848 1.488405663988625
676 0.0606382630908744 1.488405093424151
677 0.06063839552091786 1.488405129571366
678 0.06063850243072456 1.488405771619038
679 0.06063857928665874 1.488407105566246
680 0.06063864369392499 1.488409135840157
681 0.06063868619047556 1.488411853980789
682 0.0606387166608048 1.488415130035473
683 0.0606387400464329 1.488418730158684
684 0.06063872800728351 1.488422539903485
685 0.06063870119415211 1.488426419144177
686 0.06063864889121962 1.488430333314568
687 0.06063858405677433 1.488434238213465
688 0.06063850328255104 1.488438105483239
689 0.06063840921058326 1.488441907825853
690 0.06063830502919602 1.488445621049621
691 0.0606381898203783 1.488449227966259
692 0.0606380685272139 1.488452698938108
693 0.06063794041841966 1.488456007258105
694 0.06063780933929588 1.488459116358742
695 0.06063767576209203 1.488461991015367
696 0.06063755460244905 1.488464524636139
697 0.06063741750301847 1.488466744687115
698 0.06063727928795342 1.488468708088476
699 0.06063716022593638 1.488470392545484
700 0.06063704902344575 1.488471766982657
701 0.06063696432181376 1.488472717627681
702 0.06063686454844112 1.488473235095535
703 0.06063676903964772 1.488473334547241
704 0.06063669183325222 1.488473014887714
705 0.06063662514066769 1.488472302241101
706 0.06063658879691926 1.488471090050275
707 0.06063654976228668 1.488469412063504
708 0.06063652989037326 1.488467280373377
709 0.06063651383505636 1.48846481829661
710 0.06063650450670659 1.488462210310043
711 0.0606365221975259 1.488459528930739
712 0.06063654812022119 1.488456855258758
713 0.06063659244011244 1.488454189284105
714 0.06063664269499631 1.488451557620582
715 0.06063670439015714 1.488448970058833
716 0.06063677362241653 1.48844644138346
717 0.06063684934596593 1.488443983054281
718 0.060636931799583 1.488441604394752
719 0.06063701722724044 1.488439325178026
720 0.06063710673087144 1.488437163478999
721 0.06063719716281817 1.488435146301763
722 0.06063728874895354 1.488433297209723
723 0.06063737146175171 1.48843168534171
724 0.06063746359384392 1.488430293262077
725 0.0606375555083916 1.488429085224816
726 0.06063763425160555 1.48842807632674
727 0.06063770715450707 1.48842728678254
728 0.06063776350616507 1.488426781643344
729 0.06063782741497746 1.488426566882352
730 0.06063788732675035 1.488426635815614
731 0.06063793559460336 1.488426987440769
732 0.06063796904571123 1.488427665152606
733 0.06063799766216506 1.488428667285748
734 0.06063801581925402 1.488429986671723
735 0.06063802831548591 1.48843155951568
736 0.06063803758376624 1.488433274262082
737 0.06063802985800617 1.488435079788291
738 0.06063801548414988 1.488436911711457
739 0.06063798911343523 1.488438756328867
740 0.06063795718479516 1.488440593487996
741 0.06063791785788571 1.488442410209318
742 0.06063787244597451 1.488444193573906
743 0.06063782245984367 1.488445932164024
744 0.06063776743010146 1.488447617868027
745 0.06063770976221863 1.488449236425712
746 0.0606376490421284 1.488450775179782
747 0.06063758713842788 1.488452216740791
748 0.06063752422603082 1.488453544589618
749 0.06063746720537857 1.488454709698163
750 0.06063740302349046 1.488455724820624
751 0.06063733851979408 1.488456616260011
752 0.06063728304637043 1.488457373851477
753 0.06063723139718776 1.488457983431916
754 0.0606371918309622 1.488458394704391
755 0.06063714586168607 1.488458603314161
756 0.06063710216130336 1.488458615459431
757 0.06063706685977666 1.488458431086663
758 0.06063703660815301 1.488458062440744
759 0.06063702093594409 1.488457459068141
760 0.06063700715726459 1.48845660317603
761 0.06063699264404416 1.48845555971893
762 0.06063698551984945 1.488454398894519
763 0.0606369868625297 1.488453173513031
764 0.06063699576341154 1.488451916900149
765 0.06063701087926285 1.488450648654402
766 0.06063703137636014 1.488449382728654
767 0.0606370566758213 1.488448130410208
768 0.06063708631760055 1.488446901226356
769 0.06063711985795169 1.488445701471334
770 0.06063715647106888 1.48844453642428
771 0.06063719558730887 1.48844341271502
772 0.06063723654232828 1.48844233961948
773 0.06063727880371447 1.488441328012875
774 0.06063732182872122 1.488440389495972
775 0.06063736503141269 1.488439535359392
776 0.06063740412171885 1.488438796239711
777 0.06063744737072618 1.488438163722841
778 0.0606374903045937 1.488437621362353
779 0.06063752713183679 1.488437175586505
780 0.06063755689886198 1.488436845890883
781 0.06063758860242112 1.488436641737694
782 0.06063762010062149 1.488436560483102
783 0.06063764516954462 1.488436610081083
784 0.06063766741608195 1.488436786782762
785 0.06063768081942512 1.488437126041825
786 0.06063769410282133 1.488437622013167
